2020-01-02 19:30:36: == Sync Started by User Command
2020-01-02 19:30:42: Create Folder 'gdrive://www.googleapis.com/MakeHub/MH & Blueknot INHOUSE folder 20190112 /#MH #Blueknot by Asad/2020-01-02 GoodSync/app'
2020-01-02 19:30:44: Create Folder 'gdrive://www.googleapis.com/MakeHub/MH & Blueknot INHOUSE folder 20190112 /#MH #Blueknot by Asad/2020-01-02 GoodSync/app/Console'
2020-01-02 19:30:46: Create Folder 'gdrive://www.googleapis.com/MakeHub/MH & Blueknot INHOUSE folder 20190112 /#MH #Blueknot by Asad/2020-01-02 GoodSync/app/Events'
2020-01-02 19:30:47: Create Folder 'gdrive://www.googleapis.com/MakeHub/MH & Blueknot INHOUSE folder 20190112 /#MH #Blueknot by Asad/2020-01-02 GoodSync/app/Exceptions'
2020-01-02 19:30:50: Create Folder 'gdrive://www.googleapis.com/MakeHub/MH & Blueknot INHOUSE folder 20190112 /#MH #Blueknot by Asad/2020-01-02 GoodSync/app/Http'
2020-01-02 19:30:53: Create Folder 'gdrive://www.googleapis.com/MakeHub/MH & Blueknot INHOUSE folder 20190112 /#MH #Blueknot by Asad/2020-01-02 GoodSync/app/Http/Controllers'
2020-01-02 19:30:55: Create Folder 'gdrive://www.googleapis.com/MakeHub/MH & Blueknot INHOUSE folder 20190112 /#MH #Blueknot by Asad/2020-01-02 GoodSync/app/Http/Controllers/Auth'
2020-01-02 19:30:59: Create Folder 'gdrive://www.googleapis.com/MakeHub/MH & Blueknot INHOUSE folder 20190112 /#MH #Blueknot by Asad/2020-01-02 GoodSync/app/Http/Middleware'
2020-01-02 19:31:00: Create Folder 'gdrive://www.googleapis.com/MakeHub/MH & Blueknot INHOUSE folder 20190112 /#MH #Blueknot by Asad/2020-01-02 GoodSync/app/Http/Resources'
2020-01-02 19:31:03: Create Folder 'gdrive://www.googleapis.com/MakeHub/MH & Blueknot INHOUSE folder 20190112 /#MH #Blueknot by Asad/2020-01-02 GoodSync/app/Listeners'
2020-01-02 19:31:05: Create Folder 'gdrive://www.googleapis.com/MakeHub/MH & Blueknot INHOUSE folder 20190112 /#MH #Blueknot by Asad/2020-01-02 GoodSync/app/Mail'
2020-01-02 19:31:07: Create Folder 'gdrive://www.googleapis.com/MakeHub/MH & Blueknot INHOUSE folder 20190112 /#MH #Blueknot by Asad/2020-01-02 GoodSync/app/Notifications'
2020-01-02 19:31:10: Create Folder 'gdrive://www.googleapis.com/MakeHub/MH & Blueknot INHOUSE folder 20190112 /#MH #Blueknot by Asad/2020-01-02 GoodSync/app/Nova'
2020-01-02 19:31:12: Create Folder 'gdrive://www.googleapis.com/MakeHub/MH & Blueknot INHOUSE folder 20190112 /#MH #Blueknot by Asad/2020-01-02 GoodSync/app/Nova/Actions'
2020-01-02 19:31:14: Create Folder 'gdrive://www.googleapis.com/MakeHub/MH & Blueknot INHOUSE folder 20190112 /#MH #Blueknot by Asad/2020-01-02 GoodSync/app/Nova/Dashboards'
2020-01-02 19:31:15: Create Folder 'gdrive://www.googleapis.com/MakeHub/MH & Blueknot INHOUSE folder 20190112 /#MH #Blueknot by Asad/2020-01-02 GoodSync/app/Nova/Filters'
2020-01-02 19:31:17: Create Folder 'gdrive://www.googleapis.com/MakeHub/MH & Blueknot INHOUSE folder 20190112 /#MH #Blueknot by Asad/2020-01-02 GoodSync/app/Nova/Metrics'
2020-01-02 19:31:19: Create Folder 'gdrive://www.googleapis.com/MakeHub/MH & Blueknot INHOUSE folder 20190112 /#MH #Blueknot by Asad/2020-01-02 GoodSync/app/Policies'
2020-01-02 19:31:21: Create Folder 'gdrive://www.googleapis.com/MakeHub/MH & Blueknot INHOUSE folder 20190112 /#MH #Blueknot by Asad/2020-01-02 GoodSync/app/Providers'
2020-01-02 19:31:23: Create Folder 'gdrive://www.googleapis.com/MakeHub/MH & Blueknot INHOUSE folder 20190112 /#MH #Blueknot by Asad/2020-01-02 GoodSync/app/Services'
2020-01-02 19:31:25: Create Folder 'gdrive://www.googleapis.com/MakeHub/MH & Blueknot INHOUSE folder 20190112 /#MH #Blueknot by Asad/2020-01-02 GoodSync/bootstrap'
2020-01-02 19:31:27: Create Folder 'gdrive://www.googleapis.com/MakeHub/MH & Blueknot INHOUSE folder 20190112 /#MH #Blueknot by Asad/2020-01-02 GoodSync/bootstrap/cache'
2020-01-02 19:31:29: Create Folder 'gdrive://www.googleapis.com/MakeHub/MH & Blueknot INHOUSE folder 20190112 /#MH #Blueknot by Asad/2020-01-02 GoodSync/config'
2020-01-02 19:31:38: Create Folder 'gdrive://www.googleapis.com/MakeHub/MH & Blueknot INHOUSE folder 20190112 /#MH #Blueknot by Asad/2020-01-02 GoodSync/database'
2020-01-02 19:31:40: Create Folder 'gdrive://www.googleapis.com/MakeHub/MH & Blueknot INHOUSE folder 20190112 /#MH #Blueknot by Asad/2020-01-02 GoodSync/database/factories'
2020-01-02 19:31:42: Create Folder 'gdrive://www.googleapis.com/MakeHub/MH & Blueknot INHOUSE folder 20190112 /#MH #Blueknot by Asad/2020-01-02 GoodSync/database/migrations'
2020-01-02 19:31:45: Create Folder 'gdrive://www.googleapis.com/MakeHub/MH & Blueknot INHOUSE folder 20190112 /#MH #Blueknot by Asad/2020-01-02 GoodSync/database/seeds'
2020-01-02 19:31:48: Create Folder 'gdrive://www.googleapis.com/MakeHub/MH & Blueknot INHOUSE folder 20190112 /#MH #Blueknot by Asad/2020-01-02 GoodSync/nova-components'
2020-01-02 19:31:51: Create Folder 'gdrive://www.googleapis.com/MakeHub/MH & Blueknot INHOUSE folder 20190112 /#MH #Blueknot by Asad/2020-01-02 GoodSync/nova-components/MenuBuilder'
2020-01-02 19:31:53: Create Folder 'gdrive://www.googleapis.com/MakeHub/MH & Blueknot INHOUSE folder 20190112 /#MH #Blueknot by Asad/2020-01-02 GoodSync/nova-components/MenuBuilder/dist'
2020-01-02 19:31:55: Create Folder 'gdrive://www.googleapis.com/MakeHub/MH & Blueknot INHOUSE folder 20190112 /#MH #Blueknot by Asad/2020-01-02 GoodSync/nova-components/MenuBuilder/dist/css'
2020-01-02 19:31:57: Create Folder 'gdrive://www.googleapis.com/MakeHub/MH & Blueknot INHOUSE folder 20190112 /#MH #Blueknot by Asad/2020-01-02 GoodSync/nova-components/MenuBuilder/dist/js'
2020-01-02 19:31:59: Create Folder 'gdrive://www.googleapis.com/MakeHub/MH & Blueknot INHOUSE folder 20190112 /#MH #Blueknot by Asad/2020-01-02 GoodSync/nova-components/MenuBuilder/resources'
2020-01-02 19:32:02: Create Folder 'gdrive://www.googleapis.com/MakeHub/MH & Blueknot INHOUSE folder 20190112 /#MH #Blueknot by Asad/2020-01-02 GoodSync/nova-components/MenuBuilder/resources/js'
2020-01-02 19:32:05: Create Folder 'gdrive://www.googleapis.com/MakeHub/MH & Blueknot INHOUSE folder 20190112 /#MH #Blueknot by Asad/2020-01-02 GoodSync/nova-components/MenuBuilder/resources/js/components'
2020-01-02 19:32:07: Create Folder 'gdrive://www.googleapis.com/MakeHub/MH & Blueknot INHOUSE folder 20190112 /#MH #Blueknot by Asad/2020-01-02 GoodSync/nova-components/MenuBuilder/resources/sass'
2020-01-02 19:32:09: Create Folder 'gdrive://www.googleapis.com/MakeHub/MH & Blueknot INHOUSE folder 20190112 /#MH #Blueknot by Asad/2020-01-02 GoodSync/nova-components/MenuBuilder/resources/views'
2020-01-02 19:32:10: Create Folder 'gdrive://www.googleapis.com/MakeHub/MH & Blueknot INHOUSE folder 20190112 /#MH #Blueknot by Asad/2020-01-02 GoodSync/nova-components/MenuBuilder/routes'
2020-01-02 19:32:12: Create Folder 'gdrive://www.googleapis.com/MakeHub/MH & Blueknot INHOUSE folder 20190112 /#MH #Blueknot by Asad/2020-01-02 GoodSync/nova-components/MenuBuilder/src'
2020-01-02 19:32:14: Create Folder 'gdrive://www.googleapis.com/MakeHub/MH & Blueknot INHOUSE folder 20190112 /#MH #Blueknot by Asad/2020-01-02 GoodSync/nova-components/MenuBuilder/src/Http'
2020-01-02 19:32:16: Create Folder 'gdrive://www.googleapis.com/MakeHub/MH & Blueknot INHOUSE folder 20190112 /#MH #Blueknot by Asad/2020-01-02 GoodSync/nova-components/MenuBuilder/src/Http/Middleware'
2020-01-02 19:32:18: Create Folder 'gdrive://www.googleapis.com/MakeHub/MH & Blueknot INHOUSE folder 20190112 /#MH #Blueknot by Asad/2020-01-02 GoodSync/nova-components/OrderManagement'
2020-01-02 19:32:19: Create Folder 'gdrive://www.googleapis.com/MakeHub/MH & Blueknot INHOUSE folder 20190112 /#MH #Blueknot by Asad/2020-01-02 GoodSync/nova-components/OrderManagement/resources'
2020-01-02 19:32:21: Create Folder 'gdrive://www.googleapis.com/MakeHub/MH & Blueknot INHOUSE folder 20190112 /#MH #Blueknot by Asad/2020-01-02 GoodSync/nova-components/OrderManagement/resources/js'
2020-01-02 19:32:22: Create Folder 'gdrive://www.googleapis.com/MakeHub/MH & Blueknot INHOUSE folder 20190112 /#MH #Blueknot by Asad/2020-01-02 GoodSync/nova-components/OrderManagement/resources/js/components'
2020-01-02 19:32:24: Create Folder 'gdrive://www.googleapis.com/MakeHub/MH & Blueknot INHOUSE folder 20190112 /#MH #Blueknot by Asad/2020-01-02 GoodSync/nova-components/OrderManagement/resources/sass'
2020-01-02 19:32:26: Create Folder 'gdrive://www.googleapis.com/MakeHub/MH & Blueknot INHOUSE folder 20190112 /#MH #Blueknot by Asad/2020-01-02 GoodSync/nova-components/OrderManagement/resources/views'
2020-01-02 19:32:28: Create Folder 'gdrive://www.googleapis.com/MakeHub/MH & Blueknot INHOUSE folder 20190112 /#MH #Blueknot by Asad/2020-01-02 GoodSync/nova-components/OrderManagement/routes'
2020-01-02 19:32:30: Create Folder 'gdrive://www.googleapis.com/MakeHub/MH & Blueknot INHOUSE folder 20190112 /#MH #Blueknot by Asad/2020-01-02 GoodSync/nova-components/OrderManagement/src'
2020-01-02 19:32:33: Create Folder 'gdrive://www.googleapis.com/MakeHub/MH & Blueknot INHOUSE folder 20190112 /#MH #Blueknot by Asad/2020-01-02 GoodSync/nova-components/OrderManagement/src/Http'
2020-01-02 19:32:36: Create Folder 'gdrive://www.googleapis.com/MakeHub/MH & Blueknot INHOUSE folder 20190112 /#MH #Blueknot by Asad/2020-01-02 GoodSync/nova-components/OrderManagement/src/Http/Middleware'
2020-01-02 19:32:38: Create Folder 'gdrive://www.googleapis.com/MakeHub/MH & Blueknot INHOUSE folder 20190112 /#MH #Blueknot by Asad/2020-01-02 GoodSync/nova-components/Reports'
2020-01-02 19:32:40: Create Folder 'gdrive://www.googleapis.com/MakeHub/MH & Blueknot INHOUSE folder 20190112 /#MH #Blueknot by Asad/2020-01-02 GoodSync/nova-components/Reports/dist'
2020-01-02 19:32:42: Create Folder 'gdrive://www.googleapis.com/MakeHub/MH & Blueknot INHOUSE folder 20190112 /#MH #Blueknot by Asad/2020-01-02 GoodSync/nova-components/Reports/dist/css'
2020-01-02 19:32:43: Create Folder 'gdrive://www.googleapis.com/MakeHub/MH & Blueknot INHOUSE folder 20190112 /#MH #Blueknot by Asad/2020-01-02 GoodSync/nova-components/Reports/dist/js'
2020-01-02 19:32:45: Create Folder 'gdrive://www.googleapis.com/MakeHub/MH & Blueknot INHOUSE folder 20190112 /#MH #Blueknot by Asad/2020-01-02 GoodSync/nova-components/Reports/resources'
2020-01-02 19:32:47: Create Folder 'gdrive://www.googleapis.com/MakeHub/MH & Blueknot INHOUSE folder 20190112 /#MH #Blueknot by Asad/2020-01-02 GoodSync/nova-components/Reports/resources/js'
2020-01-02 19:32:49: Create Folder 'gdrive://www.googleapis.com/MakeHub/MH & Blueknot INHOUSE folder 20190112 /#MH #Blueknot by Asad/2020-01-02 GoodSync/nova-components/Reports/resources/js/components'
2020-01-02 19:32:50: Create Folder 'gdrive://www.googleapis.com/MakeHub/MH & Blueknot INHOUSE folder 20190112 /#MH #Blueknot by Asad/2020-01-02 GoodSync/nova-components/Reports/resources/sass'
2020-01-02 19:32:50: 1/2/2020 7:32:50 PM: Paused
2020-01-02 19:33:06: Stop requested by Stop By User: #1
2020-01-02 19:33:06: Socket of www.googleapis.com:443 disconnected from OUTside. owner=1bd4
2020-01-02 19:33:15: stopped by Stop By User
2020-01-02 19:33:15: 
